15.01.2017 10:11:07 Ошибка №2: Ссылка на объект не указывает на экземпляр объекта.
15.01.2017 10:11:29 Ошибка №2: Ссылка на объект не указывает на экземпляр объекта.
15.01.2017 17:19:18 Ошибка №2: Ссылка на объект не указывает на экземпляр объекта.
15.01.2017 17:39:05 Ошибка №2: Ссылка на объект не указывает на экземпляр объекта.
15.01.2017 17:39:34 Ошибка №2: Ссылка на объект не указывает на экземпляр объекта.
15.01.2017 17:39:58 Ошибка №2: Ссылка на объект не указывает на экземпляр объекта.
15.01.2017 17:40:10 Ошибка №2: Ссылка на объект не указывает на экземпляр объекта.
15.01.2017 17:42:18 Ошибка №2: Пустое имя пути не допускается.
15.01.2017 20:33:53 Ошибка №2: Файл 'D:\VStudio2013\Kpo4281_Vasilov\Kpo4281_Vasilov.Main\Employee.txt' не найден.
15.01.2017 20:34:38 Ошибка №2: Ссылка на объект не указывает на экземпляр объекта.
15.01.2017 20:44:33 Ошибка №2: File name cannot be null
15.01.2017 21:40:55 Ошибка: File name cannot be null
15.01.2017 21:41:44 Ошибка: Файл 'D:\VStudio2013\Kpo4281_Vasilov\Kpo4281_Vasilov.Main\Employee.txt' не найден.
15.01.2017 21:53:17 Ошибка: File name cannot be null
15.01.2017 21:53:46 Ошибка: File name cannot be null
15.01.2017 21:54:16 Ошибка: File name cannot be null
15.01.2017 21:59:13 Ошибка: File name cannot be null
15.01.2017 22:02:23 Ошибка: File name cannot be null
15.01.2017 22:11:02 Ошибка: File name cannot be null
15.01.2017 22:22:24 Ошибка: File name cannot be null
15.01.2017 22:27:23 Ошибка: У файла не может быть пустого имени
15.01.2017 22:28:08 Ошибка: Файла не существует
15.01.2017 22:34:36 Ошибка: Файла не существует
15.01.2017 22:36:51 Ошибка: Файла не существует
15.01.2017 22:42:03 Ошибка: Файла не существует
15.01.2017 22:42:36 Ошибка: Файла не существует
15.01.2017 22:42:55 Ошибка: Файла не существует
15.01.2017 22:43:08 Ошибка: Файла не существует
15.01.2017 22:44:44 Ошибка: Файла не существует
15.01.2017 22:46:10 Ошибка: Файла не существует
15.01.2017 22:46:37 Ошибка: Файла не существует
15.01.2017 22:58:14 Ошибка: Индекс находился вне границ массива.
15.01.2017 23:05:16 Ошибка: Индекс находился вне границ массива.
15.01.2017 23:07:44 Ошибка: Индекс находился вне границ массива.
15.01.2017 23:08:11 Ошибка: Индекс находился вне границ массива.
15.01.2017 23:09:39 Ошибка: В файле в строке не хватает данных
15.01.2017 23:11:06 Ошибка: В файле в строке не хватает данных
16.01.2017 12:37:18 Ошибка: Файла не существует
16.01.2017 13:45:21 Ошибка: Ссылка на объект не указывает на экземпляр объекта.
16.01.2017 13:45:37 Ошибка: D:\Employee.txt
16.01.2017 13:45:54 Ошибка: В файле в строке не хватает данных
16.01.2017 13:52:45 Ошибка: D:\Employee.txt
16.01.2017 16:32:04 Ошибка: У файла не может быть пустого имени
16.01.2017 16:32:07 Ошибка: Ссылка на объект не указывает на экземпляр объекта.
16.01.2017 18:01:08 Ошибка: Внесены неверные значения
16.01.2017 18:15:08 Ошибка: Внесены неверные значения
16.01.2017 19:01:28 Ошибка: Внесены неверные значения
17.01.2017 13:03:33 Ошибка: Внесены неверные значения
17.01.2017 13:20:27 Ошибка: Внесены неверные значения
17.01.2017 13:20:35 Ошибка: Внесены неверные значения
19.01.2017 17:35:32 Ошибка: Ссылка на объект не указывает на экземпляр объекта.
19.01.2017 17:37:16 Ошибка: Внесены неверные значения
19.01.2017 17:49:20 Ошибка: Not Found
19.01.2017 18:23:21 Ошибка: В файле в строке не хватает данных
19.01.2017 18:52:24 Ошибка: Внесены неверные значения
19.01.2017 19:07:49 Ошибка: В файле в строке не хватает данных
19.01.2017 19:07:52 Ошибка: Строка в файле не содержит разделители
19.01.2017 19:22:20 Ошибка: В файле в строке не хватает данных
19.01.2017 19:22:22 Ошибка: Строка в файле не содержит разделители
19.01.2017 19:22:27 Ошибка: В файле в строке не хватает данных
19.01.2017 19:22:28 Ошибка: Строка в файле не содержит разделители
19.01.2017 19:24:07 Ошибка: В файле в строке не хватает данных
19.01.2017 19:24:25 Ошибка: В файле в строке не хватает данных
19.01.2017 19:41:44 Ошибка: В файле в строке не хватает данных
19.01.2017 20:02:37 Ошибка: В файле в строке не хватает данных
19.01.2017 20:58:25 Ошибка: В файле в строке не хватает данных
19.01.2017 21:01:26 Ошибка: В файле в строке не хватает данных
19.01.2017 21:04:03 Ошибка: В файле в строке не хватает данных
19.01.2017 21:04:44 Ошибка: В файле в строке не хватает данных
19.01.2017 21:06:40 Ошибка: В файле в строке не хватает данных
19.01.2017 21:09:07 Ошибка: В файле в строке не хватает данных
19.01.2017 21:11:11 Ошибка: В файле в строке не хватает данных
19.01.2017 21:18:54 Ошибка: В файле в строке не хватает данных
19.01.2017 21:20:25 Ошибка: В файле в строке не хватает данных
19.01.2017 21:21:14 Ошибка: Внесены неверные значения
19.01.2017 21:21:18 Ошибка: Внесены неверные значения
19.01.2017 21:21:22 Ошибка: Внесены неверные значения
19.01.2017 21:21:34 Ошибка: Внесены неверные значения
19.01.2017 21:21:39 Ошибка: Внесены неверные значения
19.01.2017 21:21:49 Ошибка: Внесены неверные значения
20.01.2017 11:47:58 Ошибка: Внесены неверные значения
20.01.2017 11:56:09 Ошибка: Индекс находился вне границ массива.
20.01.2017 11:58:36 Ошибка: Индекс находился вне границ массива.
20.01.2017 12:00:40 Ошибка: Индекс находился вне границ массива.
20.01.2017 12:02:53 Ошибка: Индекс находился вне границ массива.
20.01.2017 12:04:46 Ошибка: D:\Employee.txt
20.01.2017 12:04:54 Ошибка: D:\Employee.txt
20.01.2017 12:04:57 Ошибка: Ссылка на объект не указывает на экземпляр объекта.
20.01.2017 12:05:35 Ошибка: У файла не может быть пустого имени
20.01.2017 12:14:22 Ошибка: Индекс находился вне границ массива.
20.01.2017 12:14:46 Ошибка: Индекс находился вне границ массива.
20.01.2017 12:16:48 Ошибка: Входная строка имела неверный формат.
25.01.2017 12:19:11 Ошибка: Индекс находился вне границ массива.
25.01.2017 12:47:44 Ошибка: Внесены неверные значения
